<?xml version="1.0" encoding="utf-8"?><testsuites name="pytest tests"><testsuite name="pytest" errors="0" failures="1" skipped="0" tests="15" time="36.217" timestamp="2026-06-25T11:54:20.364629+00:00" hostname="agent-env-2e4e58ca-57b5-4da2-861a-14c43c9916cb"><testcase classname="tests.backend_test.TestAuth" name="test_register_returns_jwt" time="0.701" /><testcase classname="tests.backend_test.TestAuth" name="test_register_duplicate_email_400" time="0.055" /><testcase classname="tests.backend_test.TestAuth" name="test_login_success" time="0.274" /><testcase classname="tests.backend_test.TestAuth" name="test_login_wrong_password_401" time="0.274" /><testcase classname="tests.backend_test.TestAuth" name="test_me_with_token" time="0.062" /><testcase classname="tests.backend_test.TestAuth" name="test_me_without_token_401" time="0.043" /><testcase classname="tests.backend_test.TestChat" name="test_chat_job_search_returns_job_cards" time="8.463" /><testcase classname="tests.backend_test.TestChat" name="test_chat_career_roadmap_action_plan" time="4.608" /><testcase classname="tests.backend_test.TestChat" name="test_list_sessions" time="0.058" /><testcase classname="tests.backend_test.TestJobs" name="test_save_and_list_saved" time="11.805" /><testcase classname="tests.backend_test.TestResume" name="test_paste_then_active" time="0.108" /><testcase classname="tests.backend_test.TestJobs" name="test_get_job_detail" time="0.146" /><testcase classname="tests.backend_test.TestResume" name="test_paste_too_short_400" time="0.094" /><testcase classname="tests.backend_test.TestSettingsProviderSwitch" name="test_switch_to_openai_then_back" time="5.265"><failure message="assert 500 == 200&#10; +  where 500 = &lt;Response [500]&gt;.status_code">E   assert 500 == 200
     +  where 500 = &lt;Response [500]&gt;.status_code</failure></testcase><testcase classname="tests.backend_test.TestJobs" name="test_job_analysis" time="22.326" /></testsuite></testsuites>